<?xml version="1.0" encoding="UTF-8"?>
<testng-results ignored="0" total="2" passed="2" failed="0" skipped="0">
  <reporter-output>
  </reporter-output>
  <suite started-at="2022-05-30T09:52:43Z" name="Suite" finished-at="2022-05-30T09:52:43Z" duration-ms="68">
    <groups>
    </groups>
    <test started-at="2022-05-30T09:52:43Z" name="Test" finished-at="2022-05-30T09:52:43Z" duration-ms="68">
      <class name="com.Egrlizz.projectTest.SampleTest2">
        <test-method signature="createEgrlizzTest()[pri:0, instance:com.Egrlizz.projectTest.SampleTest2@20c0a64d]" started-at="2022-05-30T09:52:43Z" name="createEgrlizzTest" finished-at="2022-05-30T09:52:43Z" duration-ms="16" status="PASS">
          <reporter-output>
          </reporter-output>
        </test-method> <!-- createEgrlizzTest -->
      </class> <!-- com.Egrlizz.projectTest.SampleTest2 -->
      <class name="com.Egrlizz.projectTest.Sample1Test">
        <test-method signature="create1Test()[pri:0, instance:com.Egrlizz.projectTest.Sample1Test@455b6df1]" started-at="2022-05-30T09:52:43Z" name="create1Test" finished-at="2022-05-30T09:52:43Z" duration-ms="2" status="PASS">
          <reporter-output>
          </reporter-output>
        </test-method> <!-- create1Test -->
      </class> <!-- com.Egrlizz.projectTest.Sample1Test -->
    </test> <!-- Test -->
  </suite> <!-- Suite -->
</testng-results>
